#-----------------------------------------------------------
# Vivado v2021.1 (64-bit)
# SW Build 3247384 on Thu Jun 10 19:36:33 MDT 2021
# IP Build 3246043 on Fri Jun 11 00:30:35 MDT 2021
# Start of session at: Mon Oct  3 23:02:41 2022
# Process ID: 20584
# Current directory: C:/Users/Adam/Desktop/ECE 3829/Lab 3/lab_3
# Command line: vivado.exe -gui_launcher_event rodinguilauncherevent2516 C:\Users\Adam\Desktop\ECE 3829\Lab 3\lab_3\lab_3.xpr
# Log file: C:/Users/Adam/Desktop/ECE 3829/Lab 3/lab_3/vivado.log
# Journal file: C:/Users/Adam/Desktop/ECE 3829/Lab 3/lab_3\vivado.jou
#-----------------------------------------------------------
start_gui
open_project {C:/Users/Adam/Desktop/ECE 3829/Lab 3/lab_3/lab_3.xpr}
INFO: [Project 1-313] Project file moved from 'C:/Users/serpe/Desktop/ECE 3829/lab_3' since last save.
Scanning sources...
Finished scanning sources
INFO: [IP_Flow 19-234] Refreshing IP repositories
INFO: [IP_Flow 19-1704] No user IP repositories specified
INFO: [IP_Flow 19-2313] Loaded Vivado IP repository 'C:/Xilinx/Vivado/2021.1/data/ip'.
open_project: Time (s): cpu = 00:00:14 ; elapsed = 00:00:08 . Memory (MB): peak = 1118.668 ; gain = 0.000
update_compile_order -fileset sources_1
archive_project {C:/Users/Adam/Desktop/ECE 3829/Lab 3/lab_3_archive.xpr.zip} -temp_dir {C:/Users/Adam/Desktop/ECE 3829/Lab 3/lab_3/.Xil/Vivado-20584-DESKTOP-0FOP0U3} -force -include_local_ip_cache -include_config_settings
INFO: [Coretcl 2-137] starting archive...
INFO: [Coretcl 2-1499] Saving project copy to temporary location 'C:/Users/Adam/Desktop/ECE 3829/Lab 3/lab_3/.Xil/Vivado-20584-DESKTOP-0FOP0U3' for archiving project
INFO: [Project 1-313] Project file moved from 'C:/Users/serpe/Desktop/ECE 3829/lab_3' since last save.
Scanning sources...
Finished scanning sources
INFO: [IP_Flow 19-234] Refreshing IP repositories
INFO: [IP_Flow 19-1704] No user IP repositories specified
INFO: [IP_Flow 19-2313] Loaded Vivado IP repository 'C:/Xilinx/Vivado/2021.1/data/ip'.
INFO: [Coretcl 2-1211] Creating project copy for archival...
INFO: [ProjectBase 1-495] The host OS only allows 260 characters in a normal path. The project is stored in a path with more than 80 characters. If you experience any problem with archiving the project, please consider setting environment variable $TEMP to a shorter path.
Current project path is 'C:/Users/Adam/Desktop/ECE 3829/Lab 3/lab_3/.Xil/Vivado-20584-DESKTOP-0FOP0U3/PrjAr/_X_'.
INFO: [Coretcl 2-1213] Including run results for 'synth_1'
INFO: [Coretcl 2-1213] Including run results for 'clk_mmcm_wiz_synth_1'
INFO: [Coretcl 2-1213] Including run results for 'impl_1'
INFO: [Coretcl 2-133] re-setting run 'clk_mmcm_wiz_impl_1'...
INFO: [Coretcl 2-1209] Adding archive summary file to the project...
INFO: [Coretcl 2-1214] Preparing project files for archive...
INFO: [Coretcl 2-1210] Compressing project files and data...
INFO: [Coretcl 2-1215] Project archived (C:/Users/Adam/Desktop/ECE 3829/Lab 3/lab_3_archive.xpr.zip)
INFO: [Coretcl 2-1216] To view the archive summary log in GUI, double click on 'Design Sources->Text->archive_project_summary.txt', or open this file from the archived project directory.
archive_project: Time (s): cpu = 00:00:04 ; elapsed = 00:00:07 . Memory (MB): peak = 1118.668 ; gain = 0.000
exit
INFO: [Common 17-206] Exiting Vivado at Mon Oct  3 23:15:22 2022...
