#-----------------------------------------------------------
# Vivado v2021.1 (64-bit)
# SW Build 3247384 on Thu Jun 10 19:36:33 MDT 2021
# IP Build 3246043 on Fri Jun 11 00:30:35 MDT 2021
# Start of session at: Mon Oct  3 16:59:24 2022
# Process ID: 5588
# Current directory: C:/Users/serpe/Desktop/ECE 3829/lab_3
# Command line: vivado.exe -gui_launcher_event rodinguilauncherevent9924 C:\Users\serpe\Desktop\ECE 3829\lab_3\lab_3.xpr
# Log file: C:/Users/serpe/Desktop/ECE 3829/lab_3/vivado.log
# Journal file: C:/Users/serpe/Desktop/ECE 3829/lab_3\vivado.jou
#-----------------------------------------------------------
start_gui
open_project {C:/Users/serpe/Desktop/ECE 3829/lab_3/lab_3.xpr}
INFO: [Project 1-313] Project file moved from 'C:/Users/Adam/Desktop/ECE 3829/Lab 3/lab_3' since last save.
Scanning sources...
Finished scanning sources
INFO: [IP_Flow 19-234] Refreshing IP repositories
INFO: [IP_Flow 19-1704] No user IP repositories specified
INFO: [IP_Flow 19-2313] Loaded Vivado IP repository 'C:/Xilinx/Vivado/2021.1/data/ip'.
open_project: Time (s): cpu = 00:00:16 ; elapsed = 00:00:08 . Memory (MB): peak = 1118.684 ; gain = 0.000
update_compile_order -fileset sources_1
reset_run synth_1
launch_runs synth_1 -jobs 4
[Mon Oct  3 17:00:28 2022] Launched synth_1...
Run output will be captured here: C:/Users/serpe/Desktop/ECE 3829/lab_3/lab_3.runs/synth_1/runme.log
launch_runs impl_1 -jobs 4
[Mon Oct  3 17:02:34 2022] Launched impl_1...
Run output will be captured here: C:/Users/serpe/Desktop/ECE 3829/lab_3/lab_3.runs/impl_1/runme.log
launch_runs impl_1 -to_step write_bitstream -jobs 4
[Mon Oct  3 17:03:41 2022] Launched impl_1...
Run output will be captured here: C:/Users/serpe/Desktop/ECE 3829/lab_3/lab_3.runs/impl_1/runme.log
open_hw_manager
connect_hw_server -allow_non_jtag
INFO: [Labtools 27-2285] Connecting to hw_server url TCP:localhost:3121
INFO: [Labtools 27-2222] Launching hw_server...
INFO: [Labtools 27-2221] Launch Output:

****** Xilinx hw_server v2021.1
  **** Build date : Jun 10 2021 at 20:17:23
    ** Copyright 1986-2021 Xilinx, Inc. All Rights Reserved.


INFO: [Labtools 27-3415] Connecting to cs_server url TCP:localhost:3042
INFO: [Labtools 27-3417] Launching cs_server...
INFO: [Labtools 27-2221] Launch Output:


******** Xilinx cs_server v2021.1
  ****** Build date   : May 26 2021-13:32:33
    **** Build number : 2021.1.1622050353
      ** Copyright 2017-2022 Xilinx, Inc. All Rights Reserved.



connect_hw_server: Time (s): cpu = 00:00:01 ; elapsed = 00:00:09 . Memory (MB): peak = 1118.684 ; gain = 0.000
open_hw_target
INFO: [Labtoolstcl 44-466] Opening hw_target localhost:3121/xilinx_tcf/Digilent/210183B0362CA
open_hw_target: Time (s): cpu = 00:00:06 ; elapsed = 00:00:06 . Memory (MB): peak = 2712.797 ; gain = 1594.113
current_hw_device [get_hw_devices xc7a35t_0]
refresh_hw_device -update_hw_probes false [lindex [get_hw_devices xc7a35t_0] 0]
INFO: [Labtools 27-1434] Device xc7a35t (JTAG device index = 0) is programmed with a design that has no supported debug core(s) in it.
set_property PROBES.FILE {} [get_hw_devices xc7a35t_0]
set_property FULL_PROBES.FILE {} [get_hw_devices xc7a35t_0]
set_property PROGRAM.FILE {C:/Users/serpe/Desktop/ECE 3829/lab_3/lab_3.runs/impl_1/top_lab3.bit} [get_hw_devices xc7a35t_0]
program_hw_devices [get_hw_devices xc7a35t_0]
INFO: [Labtools 27-3164] End of startup status: HIGH
refresh_hw_device [lindex [get_hw_devices xc7a35t_0] 0]
INFO: [Labtools 27-1434] Device xc7a35t (JTAG device index = 0) is programmed with a design that has no supported debug core(s) in it.
close_hw_manager
reset_run synth_1
launch_runs synth_1 -jobs 4
[Mon Oct  3 17:37:55 2022] Launched synth_1...
Run output will be captured here: C:/Users/serpe/Desktop/ECE 3829/lab_3/lab_3.runs/synth_1/runme.log
launch_runs impl_1 -jobs 4
[Mon Oct  3 17:38:43 2022] Launched impl_1...
Run output will be captured here: C:/Users/serpe/Desktop/ECE 3829/lab_3/lab_3.runs/impl_1/runme.log
launch_runs impl_1 -to_step write_bitstream -jobs 4
[Mon Oct  3 17:39:55 2022] Launched impl_1...
Run output will be captured here: C:/Users/serpe/Desktop/ECE 3829/lab_3/lab_3.runs/impl_1/runme.log
open_hw_manager
connect_hw_server -allow_non_jtag
INFO: [Labtools 27-2285] Connecting to hw_server url TCP:localhost:3121
INFO: [Labtools 27-2222] Launching hw_server...
INFO: [Labtools 27-2221] Launch Output:

****** Xilinx hw_server v2021.1
  **** Build date : Jun 10 2021 at 20:17:23
    ** Copyright 1986-2021 Xilinx, Inc. All Rights Reserved.


INFO: [Labtools 27-3415] Connecting to cs_server url TCP:localhost:3042
INFO: [Labtools 27-3417] Launching cs_server...
INFO: [Labtools 27-2221] Launch Output:


******** Xilinx cs_server v2021.1
  ****** Build date   : May 26 2021-13:32:33
    **** Build number : 2021.1.1622050353
      ** Copyright 2017-2022 Xilinx, Inc. All Rights Reserved.



connect_hw_server: Time (s): cpu = 00:00:00 ; elapsed = 00:00:08 . Memory (MB): peak = 2794.461 ; gain = 0.000
open_hw_target
INFO: [Labtoolstcl 44-466] Opening hw_target localhost:3121/xilinx_tcf/Digilent/210183B0362CA
set_property PROGRAM.FILE {C:/Users/serpe/Desktop/ECE 3829/lab_3/lab_3.runs/impl_1/top_lab3.bit} [get_hw_devices xc7a35t_0]
current_hw_device [get_hw_devices xc7a35t_0]
refresh_hw_device -update_hw_probes false [lindex [get_hw_devices xc7a35t_0] 0]
INFO: [Labtools 27-1434] Device xc7a35t (JTAG device index = 0) is programmed with a design that has no supported debug core(s) in it.
set_property PROBES.FILE {} [get_hw_devices xc7a35t_0]
set_property FULL_PROBES.FILE {} [get_hw_devices xc7a35t_0]
set_property PROGRAM.FILE {C:/Users/serpe/Desktop/ECE 3829/lab_3/lab_3.runs/impl_1/top_lab3.bit} [get_hw_devices xc7a35t_0]
program_hw_devices [get_hw_devices xc7a35t_0]
INFO: [Labtools 27-3164] End of startup status: HIGH
refresh_hw_device [lindex [get_hw_devices xc7a35t_0] 0]
INFO: [Labtools 27-1434] Device xc7a35t (JTAG device index = 0) is programmed with a design that has no supported debug core(s) in it.
reset_run synth_1
launch_runs synth_1 -jobs 4
[Mon Oct  3 17:45:43 2022] Launched synth_1...
Run output will be captured here: C:/Users/serpe/Desktop/ECE 3829/lab_3/lab_3.runs/synth_1/runme.log
launch_runs impl_1 -jobs 4
[Mon Oct  3 17:46:30 2022] Launched impl_1...
Run output will be captured here: C:/Users/serpe/Desktop/ECE 3829/lab_3/lab_3.runs/impl_1/runme.log
launch_runs impl_1 -to_step write_bitstream -jobs 4
[Mon Oct  3 17:47:34 2022] Launched impl_1...
Run output will be captured here: C:/Users/serpe/Desktop/ECE 3829/lab_3/lab_3.runs/impl_1/runme.log
set_property PROBES.FILE {} [get_hw_devices xc7a35t_0]
set_property FULL_PROBES.FILE {} [get_hw_devices xc7a35t_0]
set_property PROGRAM.FILE {C:/Users/serpe/Desktop/ECE 3829/lab_3/lab_3.runs/impl_1/top_lab3.bit} [get_hw_devices xc7a35t_0]
program_hw_devices [get_hw_devices xc7a35t_0]
INFO: [Labtools 27-3164] End of startup status: HIGH
refresh_hw_device [lindex [get_hw_devices xc7a35t_0] 0]
INFO: [Labtools 27-1434] Device xc7a35t (JTAG device index = 0) is programmed with a design that has no supported debug core(s) in it.
reset_run synth_1
launch_runs synth_1 -jobs 4
[Mon Oct  3 18:00:58 2022] Launched synth_1...
Run output will be captured here: C:/Users/serpe/Desktop/ECE 3829/lab_3/lab_3.runs/synth_1/runme.log
reset_run synth_1
launch_runs synth_1 -jobs 4
[Mon Oct  3 18:03:20 2022] Launched synth_1...
Run output will be captured here: C:/Users/serpe/Desktop/ECE 3829/lab_3/lab_3.runs/synth_1/runme.log
launch_runs impl_1 -jobs 4
[Mon Oct  3 18:04:07 2022] Launched impl_1...
Run output will be captured here: C:/Users/serpe/Desktop/ECE 3829/lab_3/lab_3.runs/impl_1/runme.log
launch_runs impl_1 -to_step write_bitstream -jobs 4
[Mon Oct  3 18:05:15 2022] Launched impl_1...
Run output will be captured here: C:/Users/serpe/Desktop/ECE 3829/lab_3/lab_3.runs/impl_1/runme.log
set_property PROBES.FILE {} [get_hw_devices xc7a35t_0]
set_property FULL_PROBES.FILE {} [get_hw_devices xc7a35t_0]
set_property PROGRAM.FILE {C:/Users/serpe/Desktop/ECE 3829/lab_3/lab_3.runs/impl_1/top_lab3.bit} [get_hw_devices xc7a35t_0]
program_hw_devices [get_hw_devices xc7a35t_0]
INFO: [Labtools 27-3164] End of startup status: HIGH
refresh_hw_device [lindex [get_hw_devices xc7a35t_0] 0]
INFO: [Labtools 27-1434] Device xc7a35t (JTAG device index = 0) is programmed with a design that has no supported debug core(s) in it.
reset_run synth_1
launch_runs synth_1 -jobs 4
[Mon Oct  3 18:11:07 2022] Launched synth_1...
Run output will be captured here: C:/Users/serpe/Desktop/ECE 3829/lab_3/lab_3.runs/synth_1/runme.log
launch_runs impl_1 -jobs 4
[Mon Oct  3 18:12:44 2022] Launched impl_1...
Run output will be captured here: C:/Users/serpe/Desktop/ECE 3829/lab_3/lab_3.runs/impl_1/runme.log
launch_runs impl_1 -to_step write_bitstream -jobs 4
[Mon Oct  3 18:14:00 2022] Launched impl_1...
Run output will be captured here: C:/Users/serpe/Desktop/ECE 3829/lab_3/lab_3.runs/impl_1/runme.log
set_property PROBES.FILE {} [get_hw_devices xc7a35t_0]
set_property FULL_PROBES.FILE {} [get_hw_devices xc7a35t_0]
set_property PROGRAM.FILE {C:/Users/serpe/Desktop/ECE 3829/lab_3/lab_3.runs/impl_1/top_lab3.bit} [get_hw_devices xc7a35t_0]
program_hw_devices [get_hw_devices xc7a35t_0]
INFO: [Labtools 27-3164] End of startup status: HIGH
refresh_hw_device [lindex [get_hw_devices xc7a35t_0] 0]
INFO: [Labtools 27-1434] Device xc7a35t (JTAG device index = 0) is programmed with a design that has no supported debug core(s) in it.
ERROR: [Labtoolstcl 44-513] HW Target shutdown. Closing target: localhost:3121/xilinx_tcf/Digilent/210183B0362CA
close_hw_manager
exit
INFO: [Common 17-206] Exiting Vivado at Mon Oct  3 20:57:36 2022...
