
*** Running vivado
    with args -log top_lab3.vdi -applog -m64 -product Vivado -messageDb vivado.pb -mode batch -source top_lab3.tcl -notrace



****** Vivado v2021.1 (64-bit)
  **** SW Build 3247384 on Thu Jun 10 19:36:33 MDT 2021
  **** IP Build 3246043 on Fri Jun 11 00:30:35 MDT 2021
    ** Copyright 1986-2021 Xilinx, Inc. All Rights Reserved.

source top_lab3.tcl -notrace
Command: link_design -top top_lab3 -part xc7a35tcpg236-1
Design is defaulting to srcset: sources_1
Design is defaulting to constrset: constrs_1
INFO: [Device 21-403] Loading part xc7a35tcpg236-1
INFO: [Project 1-454] Reading design checkpoint 'c:/Users/serpe/Desktop/ECE 3829/lab_3/lab_3.gen/sources_1/ip/clk_mmcm_wiz/clk_mmcm_wiz.dcp' for cell 'clock_geni/clk_mmcm_wizi'
Netlist sorting complete. Time (s): cpu = 00:00:00 ; elapsed = 00:00:00.001 . Memory (MB): peak = 1118.711 ; gain = 0.000
INFO: [Netlist 29-17] Analyzing 9 Unisim elements for replacement
INFO: [Netlist 29-28] Unisim Transformation completed in 0 CPU seconds
INFO: [Project 1-479] Netlist was created with Vivado 2021.1
INFO: [Project 1-570] Preparing netlist for logic optimization
WARNING: [Opt 31-35] Removing redundant IBUF, clock_geni/clk_mmcm_wizi/inst/clkin1_ibufg, from the path connected to top-level port: clk 
Resolution: The tool has removed redundant IBUF. To resolve this warning, check for redundant IBUF in the input design.
WARNING: [Constraints 18-550] Could not create 'IBUF_LOW_PWR' constraint because net 'clock_geni/clk_mmcm_wizi/clk_in1' is not directly connected to top level port. Synthesis is ignored for IBUF_LOW_PWR but preserved for implementation.
Parsing XDC File [c:/Users/serpe/Desktop/ECE 3829/lab_3/lab_3.gen/sources_1/ip/clk_mmcm_wiz/clk_mmcm_wiz_board.xdc] for cell 'clock_geni/clk_mmcm_wizi/inst'
Finished Parsing XDC File [c:/Users/serpe/Desktop/ECE 3829/lab_3/lab_3.gen/sources_1/ip/clk_mmcm_wiz/clk_mmcm_wiz_board.xdc] for cell 'clock_geni/clk_mmcm_wizi/inst'
Parsing XDC File [c:/Users/serpe/Desktop/ECE 3829/lab_3/lab_3.gen/sources_1/ip/clk_mmcm_wiz/clk_mmcm_wiz.xdc] for cell 'clock_geni/clk_mmcm_wizi/inst'
INFO: [Timing 38-35] Done setting XDC timing constraints. [c:/Users/serpe/Desktop/ECE 3829/lab_3/lab_3.gen/sources_1/ip/clk_mmcm_wiz/clk_mmcm_wiz.xdc:57]
INFO: [Timing 38-2] Deriving generated clocks [c:/Users/serpe/Desktop/ECE 3829/lab_3/lab_3.gen/sources_1/ip/clk_mmcm_wiz/clk_mmcm_wiz.xdc:57]
get_clocks: Time (s): cpu = 00:00:08 ; elapsed = 00:00:08 . Memory (MB): peak = 1362.949 ; gain = 244.238
Finished Parsing XDC File [c:/Users/serpe/Desktop/ECE 3829/lab_3/lab_3.gen/sources_1/ip/clk_mmcm_wiz/clk_mmcm_wiz.xdc] for cell 'clock_geni/clk_mmcm_wizi/inst'
Parsing XDC File [C:/Users/serpe/Desktop/ECE 3829/lab_3/lab_3.srcs/constrs_1/new/top_lab3.xdc]
Finished Parsing XDC File [C:/Users/serpe/Desktop/ECE 3829/lab_3/lab_3.srcs/constrs_1/new/top_lab3.xdc]
INFO: [Opt 31-138] Pushed 0 inverter(s) to 0 load pin(s).
Netlist sorting complete. Time (s): cpu = 00:00:00 ; elapsed = 00:00:00 . Memory (MB): peak = 1362.949 ; gain = 0.000
INFO: [Project 1-111] Unisim Transformation Summary:
No Unisim elements were transformed.

10 Infos, 2 Warnings, 0 Critical Warnings and 0 Errors encountered.
link_design completed successfully
link_design: Time (s): cpu = 00:00:13 ; elapsed = 00:00:14 . Memory (MB): peak = 1362.949 ; gain = 244.238
Command: opt_design
Attempting to get a license for feature 'Implementation' and/or device 'xc7a35t'
INFO: [Common 17-349] Got license for feature 'Implementation' and/or device 'xc7a35t'
Running DRC as a precondition to command opt_design

Starting DRC Task
INFO: [DRC 23-27] Running DRC with 2 threads
INFO: [Project 1-461] DRC finished with 0 Errors
INFO: [Project 1-462] Please refer to the DRC report (report_drc) for more information.

Time (s): cpu = 00:00:01 ; elapsed = 00:00:00.978 . Memory (MB): peak = 1362.949 ; gain = 0.000

Starting Cache Timing Information Task
INFO: [Timing 38-35] Done setting XDC timing constraints.
Ending Cache Timing Information Task | Checksum: 1dd0fdd99

Time (s): cpu = 00:00:00 ; elapsed = 00:00:00.018 . Memory (MB): peak = 1379.914 ; gain = 16.965

Starting Logic Optimization Task

Phase 1 Retarget
INFO: [Opt 31-138] Pushed 0 inverter(s) to 0 load pin(s).
INFO: [Opt 31-49] Retargeted 0 cell(s).
Phase 1 Retarget | Checksum: 1dd0fdd99

Time (s): cpu = 00:00:00 ; elapsed = 00:00:00.020 . Memory (MB): peak = 1584.871 ; gain = 0.000
INFO: [Opt 31-389] Phase Retarget created 0 cells and removed 0 cells
INFO: [Opt 31-1021] In phase Retarget, 2 netlist objects are constrained preventing optimization. Please run opt_design with -debug_log to get more detail. 

Phase 2 Constant propagation
INFO: [Opt 31-138] Pushed 0 inverter(s) to 0 load pin(s).
Phase 2 Constant propagation | Checksum: 1dd0fdd99

Time (s): cpu = 00:00:00 ; elapsed = 00:00:00.022 . Memory (MB): peak = 1584.871 ; gain = 0.000
INFO: [Opt 31-389] Phase Constant propagation created 0 cells and removed 0 cells

Phase 3 Sweep
Phase 3 Sweep | Checksum: 17fd9cbe1

Time (s): cpu = 00:00:00 ; elapsed = 00:00:00.025 . Memory (MB): peak = 1584.871 ; gain = 0.000
INFO: [Opt 31-389] Phase Sweep created 0 cells and removed 0 cells
INFO: [Opt 31-1021] In phase Sweep, 1 netlist objects are constrained preventing optimization. Please run opt_design with -debug_log to get more detail. 

Phase 4 BUFG optimization
Phase 4 BUFG optimization | Checksum: 17fd9cbe1

Time (s): cpu = 00:00:00 ; elapsed = 00:00:00.028 . Memory (MB): peak = 1584.871 ; gain = 0.000
INFO: [Opt 31-662] Phase BUFG optimization created 0 cells of which 0 are BUFGs and removed 0 cells.

Phase 5 Shift Register Optimization
INFO: [Opt 31-1064] SRL Remap converted 0 SRLs to 0 registers and converted 0 registers of register chains to 0 SRLs
Phase 5 Shift Register Optimization | Checksum: 17fd9cbe1

Time (s): cpu = 00:00:00 ; elapsed = 00:00:00.029 . Memory (MB): peak = 1584.871 ; gain = 0.000
INFO: [Opt 31-389] Phase Shift Register Optimization created 0 cells and removed 0 cells

Phase 6 Post Processing Netlist
Phase 6 Post Processing Netlist | Checksum: 17fd9cbe1

Time (s): cpu = 00:00:00 ; elapsed = 00:00:00.031 . Memory (MB): peak = 1584.871 ; gain = 0.000
INFO: [Opt 31-389] Phase Post Processing Netlist created 0 cells and removed 0 cells
Opt_design Change Summary
=========================


-------------------------------------------------------------------------------------------------------------------------
|  Phase                        |  #Cells created  |  #Cells Removed  |  #Constrained objects preventing optimizations  |
-------------------------------------------------------------------------------------------------------------------------
|  Retarget                     |               0  |               0  |                                              2  |
|  Constant propagation         |               0  |               0  |                                              0  |
|  Sweep                        |               0  |               0  |                                              1  |
|  BUFG optimization            |               0  |               0  |                                              0  |
|  Shift Register Optimization  |               0  |               0  |                                              0  |
|  Post Processing Netlist      |               0  |               0  |                                              0  |
-------------------------------------------------------------------------------------------------------------------------



Starting Connectivity Check Task

Time (s): cpu = 00:00:00 ; elapsed = 00:00:00.001 . Memory (MB): peak = 1584.871 ; gain = 0.000
Ending Logic Optimization Task | Checksum: 12f370fa3

Time (s): cpu = 00:00:00 ; elapsed = 00:00:00.038 . Memory (MB): peak = 1584.871 ; gain = 0.000

Starting Power Optimization Task
INFO: [Pwropt 34-132] Skipping clock gating for clocks with a period < 2.00 ns.
Ending Power Optimization Task | Checksum: 12f370fa3

Time (s): cpu = 00:00:00 ; elapsed = 00:00:00.008 . Memory (MB): peak = 1584.871 ; gain = 0.000

Starting Final Cleanup Task
Ending Final Cleanup Task | Checksum: 12f370fa3

Time (s): cpu = 00:00:00 ; elapsed = 00:00:00 . Memory (MB): peak = 1584.871 ; gain = 0.000

Starting Netlist Obfuscation Task
Netlist sorting complete. Time (s): cpu = 00:00:00 ; elapsed = 00:00:00 . Memory (MB): peak = 1584.871 ; gain = 0.000
Ending Netlist Obfuscation Task | Checksum: 12f370fa3

Time (s): cpu = 00:00:00 ; elapsed = 00:00:00 . Memory (MB): peak = 1584.871 ; gain = 0.000
INFO: [Common 17-83] Releasing license: Implementation
29 Infos, 2 Warnings, 0 Critical Warnings and 0 Errors encountered.
opt_design completed successfully
INFO: [Timing 38-480] Writing timing data to binary archive.
Writing placer database...
Writing XDEF routing.
Writing XDEF routing logical nets.
Writing XDEF routing special nets.
Write XDEF Complete: Time (s): cpu = 00:00:00 ; elapsed = 00:00:00.033 . Memory (MB): peak = 1584.871 ; gain = 0.000
INFO: [Common 17-1381] The checkpoint 'C:/Users/serpe/Desktop/ECE 3829/lab_3/lab_3.runs/impl_1/top_lab3_opt.dcp' has been generated.
INFO: [runtcl-4] Executing : report_drc -file top_lab3_drc_opted.rpt -pb top_lab3_drc_opted.pb -rpx top_lab3_drc_opted.rpx
Command: report_drc -file top_lab3_drc_opted.rpt -pb top_lab3_drc_opted.pb -rpx top_lab3_drc_opted.rpx
INFO: [IP_Flow 19-1839] IP Catalog is up to date.
INFO: [Timing 38-35] Done setting XDC timing constraints.
INFO: [DRC 23-27] Running DRC with 2 threads
INFO: [Vivado_Tcl 2-168] The results of DRC are in file C:/Users/serpe/Desktop/ECE 3829/lab_3/lab_3.runs/impl_1/top_lab3_drc_opted.rpt.
report_drc completed successfully
Command: place_design
Attempting to get a license for feature 'Implementation' and/or device 'xc7a35t'
INFO: [Common 17-349] Got license for feature 'Implementation' and/or device 'xc7a35t'
INFO: [DRC 23-27] Running DRC with 2 threads
INFO: [Vivado_Tcl 4-198] DRC finished with 0 Errors
INFO: [Vivado_Tcl 4-199] Please refer to the DRC report (report_drc) for more information.
Running DRC as a precondition to command place_design
INFO: [DRC 23-27] Running DRC with 2 threads
INFO: [Vivado_Tcl 4-198] DRC finished with 0 Errors
INFO: [Vivado_Tcl 4-199] Please refer to the DRC report (report_drc) for more information.

Starting Placer Task
INFO: [Place 30-611] Multithreading enabled for place_design using a maximum of 2 CPUs

Phase 1 Placer Initialization

Phase 1.1 Placer Initialization Netlist Sorting
Netlist sorting complete. Time (s): cpu = 00:00:00 ; elapsed = 00:00:00.001 . Memory (MB): peak = 1628.969 ; gain = 0.000
Phase 1.1 Placer Initialization Netlist Sorting | Checksum: 801e118d

Time (s): cpu = 00:00:00 ; elapsed = 00:00:00.006 . Memory (MB): peak = 1628.969 ; gain = 0.000
Netlist sorting complete. Time (s): cpu = 00:00:00 ; elapsed = 00:00:00 . Memory (MB): peak = 1628.969 ; gain = 0.000

Phase 1.2 IO Placement/ Clock Placement/ Build Placer Device
Phase 1.2 IO Placement/ Clock Placement/ Build Placer Device | Checksum: a0e66194

Time (s): cpu = 00:00:00 ; elapsed = 00:00:00.086 . Memory (MB): peak = 1628.969 ; gain = 0.000

Phase 1.3 Build Placer Netlist Model
Phase 1.3 Build Placer Netlist Model | Checksum: dfb67867

Time (s): cpu = 00:00:00 ; elapsed = 00:00:00.200 . Memory (MB): peak = 1628.969 ; gain = 0.000

Phase 1.4 Constrain Clocks/Macros
Phase 1.4 Constrain Clocks/Macros | Checksum: dfb67867

Time (s): cpu = 00:00:00 ; elapsed = 00:00:00.205 . Memory (MB): peak = 1628.969 ; gain = 0.000
Phase 1 Placer Initialization | Checksum: dfb67867

Time (s): cpu = 00:00:00 ; elapsed = 00:00:00.210 . Memory (MB): peak = 1628.969 ; gain = 0.000

Phase 2 Global Placement

Phase 2.1 Floorplanning
Phase 2.1 Floorplanning | Checksum: a85966ed

Time (s): cpu = 00:00:00 ; elapsed = 00:00:00.341 . Memory (MB): peak = 1628.969 ; gain = 0.000

Phase 2.2 Update Timing before SLR Path Opt
Phase 2.2 Update Timing before SLR Path Opt | Checksum: 1a0e38e99

Time (s): cpu = 00:00:00 ; elapsed = 00:00:00.394 . Memory (MB): peak = 1628.969 ; gain = 0.000

Phase 2.3 Post-Processing in Floorplanning
Phase 2.3 Post-Processing in Floorplanning | Checksum: 1a0e38e99

Time (s): cpu = 00:00:00 ; elapsed = 00:00:00.395 . Memory (MB): peak = 1628.969 ; gain = 0.000

Phase 2.4 Global Placement Core

Phase 2.4.1 Physical Synthesis In Placer
INFO: [Physopt 32-1035] Found 0 LUTNM shape to break, 4 LUT instances to create LUTNM shape
INFO: [Physopt 32-1044] Break lutnm for timing: one critical 0, two critical 0, total 0, new lutff created 0
INFO: [Physopt 32-1138] End 1 Pass. Optimized 2 nets or LUTs. Breaked 0 LUT, combined 2 existing LUTs and moved 0 existing LUT
INFO: [Physopt 32-65] No nets found for high-fanout optimization.
INFO: [Physopt 32-232] Optimized 0 net. Created 0 new instance.
INFO: [Physopt 32-775] End 1 Pass. Optimized 0 net or cell. Created 0 new cell, deleted 0 existing cell and moved 0 existing cell
INFO: [Physopt 32-670] No setup violation found.  DSP Register Optimization was not performed.
INFO: [Physopt 32-670] No setup violation found.  Shift Register to Pipeline Optimization was not performed.
INFO: [Physopt 32-670] No setup violation found.  Shift Register Optimization was not performed.
INFO: [Physopt 32-670] No setup violation found.  BRAM Register Optimization was not performed.
INFO: [Physopt 32-670] No setup violation found.  URAM Register Optimization was not performed.
INFO: [Physopt 32-949] No candidate nets found for dynamic/static region interface net replication
INFO: [Physopt 32-775] End 1 Pass. Optimized 0 net or cell. Created 0 new cell, deleted 0 existing cell and moved 0 existing cell
Netlist sorting complete. Time (s): cpu = 00:00:00 ; elapsed = 00:00:00 . Memory (MB): peak = 1628.969 ; gain = 0.000

Summary of Physical Synthesis Optimizations
============================================


-----------------------------------------------------------------------------------------------------------------------------------------------------------
|  Optimization                                     |  Added Cells  |  Removed Cells  |  Optimized Cells/Nets  |  Dont Touch  |  Iterations  |  Elapsed   |
-----------------------------------------------------------------------------------------------------------------------------------------------------------
|  LUT Combining                                    |            0  |              2  |                     2  |           0  |           1  |  00:00:00  |
|  Retime                                           |            0  |              0  |                     0  |           0  |           1  |  00:00:00  |
|  Very High Fanout                                 |            0  |              0  |                     0  |           0  |           1  |  00:00:00  |
|  DSP Register                                     |            0  |              0  |                     0  |           0  |           0  |  00:00:00  |
|  Shift Register to Pipeline                       |            0  |              0  |                     0  |           0  |           0  |  00:00:00  |
|  Shift Register                                   |            0  |              0  |                     0  |           0  |           0  |  00:00:00  |
|  BRAM Register                                    |            0  |              0  |                     0  |           0  |           0  |  00:00:00  |
|  URAM Register                                    |            0  |              0  |                     0  |           0  |           0  |  00:00:00  |
|  Dynamic/Static Region Interface Net Replication  |            0  |              0  |                     0  |           0  |           1  |  00:00:00  |
|  Total                                            |            0  |              2  |                     2  |           0  |           4  |  00:00:00  |
-----------------------------------------------------------------------------------------------------------------------------------------------------------


Phase 2.4.1 Physical Synthesis In Placer | Checksum: 132492580

Time (s): cpu = 00:00:01 ; elapsed = 00:00:01 . Memory (MB): peak = 1628.969 ; gain = 0.000
Phase 2.4 Global Placement Core | Checksum: 1d17c01f1

Time (s): cpu = 00:00:02 ; elapsed = 00:00:01 . Memory (MB): peak = 1628.969 ; gain = 0.000
Phase 2 Global Placement | Checksum: 1d17c01f1

Time (s): cpu = 00:00:02 ; elapsed = 00:00:01 . Memory (MB): peak = 1628.969 ; gain = 0.000

Phase 3 Detail Placement

Phase 3.1 Commit Multi Column Macros
Phase 3.1 Commit Multi Column Macros | Checksum: 113e8333c

Time (s): cpu = 00:00:02 ; elapsed = 00:00:01 . Memory (MB): peak = 1628.969 ; gain = 0.000

Phase 3.2 Commit Most Macros & LUTRAMs
Phase 3.2 Commit Most Macros & LUTRAMs | Checksum: 2234a133b

Time (s): cpu = 00:00:02 ; elapsed = 00:00:01 . Memory (MB): peak = 1628.969 ; gain = 0.000

Phase 3.3 Area Swap Optimization
Phase 3.3 Area Swap Optimization | Checksum: 1c1a2972a

Time (s): cpu = 00:00:02 ; elapsed = 00:00:01 . Memory (MB): peak = 1628.969 ; gain = 0.000

Phase 3.4 Pipeline Register Optimization
Phase 3.4 Pipeline Register Optimization | Checksum: 269f8d184

Time (s): cpu = 00:00:02 ; elapsed = 00:00:01 . Memory (MB): peak = 1628.969 ; gain = 0.000

Phase 3.5 Small Shape Detail Placement
Phase 3.5 Small Shape Detail Placement | Checksum: 149eccf54

Time (s): cpu = 00:00:02 ; elapsed = 00:00:01 . Memory (MB): peak = 1628.969 ; gain = 0.000

Phase 3.6 Re-assign LUT pins
Phase 3.6 Re-assign LUT pins | Checksum: 1e46ef152

Time (s): cpu = 00:00:02 ; elapsed = 00:00:01 . Memory (MB): peak = 1628.969 ; gain = 0.000

Phase 3.7 Pipeline Register Optimization
Phase 3.7 Pipeline Register Optimization | Checksum: 2b008b76c

Time (s): cpu = 00:00:02 ; elapsed = 00:00:01 . Memory (MB): peak = 1628.969 ; gain = 0.000
Phase 3 Detail Placement | Checksum: 2b008b76c

Time (s): cpu = 00:00:02 ; elapsed = 00:00:01 . Memory (MB): peak = 1628.969 ; gain = 0.000

Phase 4 Post Placement Optimization and Clean-Up

Phase 4.1 Post Commit Optimization
INFO: [Timing 38-35] Done setting XDC timing constraints.

Phase 4.1.1 Post Placement Optimization
Post Placement Optimization Initialization | Checksum: f9dd149b

Phase 4.1.1.1 BUFG Insertion

Starting Physical Synthesis Task

Phase 1 Physical Synthesis Initialization
INFO: [Physopt 32-721] Multithreading enabled for phys_opt_design using a maximum of 2 CPUs
INFO: [Physopt 32-619] Estimated Timing Summary | WNS=96.347 | TNS=0.000 |
Phase 1 Physical Synthesis Initialization | Checksum: e09e44d2

Time (s): cpu = 00:00:00 ; elapsed = 00:00:00.017 . Memory (MB): peak = 1628.969 ; gain = 0.000
INFO: [Place 46-56] BUFG insertion identified 0 candidate nets. Inserted BUFG: 0, Replicated BUFG Driver: 0, Skipped due to Placement/Routing Conflicts: 0, Skipped due to Timing Degradation: 0, Skipped due to Illegal Netlist: 0.
Ending Physical Synthesis Task | Checksum: 17e8ac2f5

Time (s): cpu = 00:00:00 ; elapsed = 00:00:00.018 . Memory (MB): peak = 1628.969 ; gain = 0.000
Phase 4.1.1.1 BUFG Insertion | Checksum: f9dd149b

Time (s): cpu = 00:00:02 ; elapsed = 00:00:01 . Memory (MB): peak = 1628.969 ; gain = 0.000

Phase 4.1.1.2 Post Placement Timing Optimization
INFO: [Place 30-746] Post Placement Timing Summary WNS=96.347. For the most accurate timing information please run report_timing.
Phase 4.1.1.2 Post Placement Timing Optimization | Checksum: 129623157

Time (s): cpu = 00:00:02 ; elapsed = 00:00:01 . Memory (MB): peak = 1628.969 ; gain = 0.000

Time (s): cpu = 00:00:02 ; elapsed = 00:00:01 . Memory (MB): peak = 1628.969 ; gain = 0.000
Phase 4.1 Post Commit Optimization | Checksum: 129623157

Time (s): cpu = 00:00:02 ; elapsed = 00:00:01 . Memory (MB): peak = 1628.969 ; gain = 0.000

Phase 4.2 Post Placement Cleanup
Phase 4.2 Post Placement Cleanup | Checksum: 129623157

Time (s): cpu = 00:00:02 ; elapsed = 00:00:01 . Memory (MB): peak = 1628.969 ; gain = 0.000

Phase 4.3 Placer Reporting

Phase 4.3.1 Print Estimated Congestion
INFO: [Place 30-612] Post-Placement Estimated Congestion 
 ____________________________________________________
|           | Global Congestion | Short Congestion  |
| Direction | Region Size       | Region Size       |
|___________|___________________|___________________|
|      North|                1x1|                1x1|
|___________|___________________|___________________|
|      South|                1x1|                1x1|
|___________|___________________|___________________|
|       East|                1x1|                1x1|
|___________|___________________|___________________|
|       West|                1x1|                1x1|
|___________|___________________|___________________|

Phase 4.3.1 Print Estimated Congestion | Checksum: 129623157

Time (s): cpu = 00:00:02 ; elapsed = 00:00:01 . Memory (MB): peak = 1628.969 ; gain = 0.000
Phase 4.3 Placer Reporting | Checksum: 129623157

Time (s): cpu = 00:00:02 ; elapsed = 00:00:01 . Memory (MB): peak = 1628.969 ; gain = 0.000

Phase 4.4 Final Placement Cleanup
Netlist sorting complete. Time (s): cpu = 00:00:00 ; elapsed = 00:00:00 . Memory (MB): peak = 1628.969 ; gain = 0.000

Time (s): cpu = 00:00:02 ; elapsed = 00:00:01 . Memory (MB): peak = 1628.969 ; gain = 0.000
Phase 4 Post Placement Optimization and Clean-Up | Checksum: 1efec744f

Time (s): cpu = 00:00:02 ; elapsed = 00:00:01 . Memory (MB): peak = 1628.969 ; gain = 0.000
Ending Placer Task | Checksum: 195fc07d7

Time (s): cpu = 00:00:02 ; elapsed = 00:00:01 . Memory (MB): peak = 1628.969 ; gain = 0.000
INFO: [Common 17-83] Releasing license: Implementation
64 Infos, 2 Warnings, 0 Critical Warnings and 0 Errors encountered.
place_design completed successfully
INFO: [Timing 38-480] Writing timing data to binary archive.
Writing placer database...
Writing XDEF routing.
Writing XDEF routing logical nets.
Writing XDEF routing special nets.
Write XDEF Complete: Time (s): cpu = 00:00:00 ; elapsed = 00:00:00.049 . Memory (MB): peak = 1628.969 ; gain = 0.000
INFO: [Common 17-1381] The checkpoint 'C:/Users/serpe/Desktop/ECE 3829/lab_3/lab_3.runs/impl_1/top_lab3_placed.dcp' has been generated.
INFO: [runtcl-4] Executing : report_io -file top_lab3_io_placed.rpt
report_io: Time (s): cpu = 00:00:01 ; elapsed = 00:00:00.034 . Memory (MB): peak = 1628.969 ; gain = 0.000
INFO: [runtcl-4] Executing : report_utilization -file top_lab3_utilization_placed.rpt -pb top_lab3_utilization_placed.pb
INFO: [runtcl-4] Executing : report_control_sets -verbose -file top_lab3_control_sets_placed.rpt
report_control_sets: Time (s): cpu = 00:00:00 ; elapsed = 00:00:00.002 . Memory (MB): peak = 1628.969 ; gain = 0.000
Command: phys_opt_design
Attempting to get a license for feature 'Implementation' and/or device 'xc7a35t'
INFO: [Common 17-349] Got license for feature 'Implementation' and/or device 'xc7a35t'
INFO: [Vivado_Tcl 4-383] Design worst setup slack (WNS) is greater than or equal to 0.000 ns. Skipping all physical synthesis optimizations.
INFO: [Vivado_Tcl 4-232] No setup violation found. The netlist was not modified.
INFO: [Common 17-83] Releasing license: Implementation
73 Infos, 2 Warnings, 0 Critical Warnings and 0 Errors encountered.
phys_opt_design completed successfully
INFO: [Timing 38-480] Writing timing data to binary archive.
Writing placer database...
Writing XDEF routing.
Writing XDEF routing logical nets.
Writing XDEF routing special nets.
Write XDEF Complete: Time (s): cpu = 00:00:00 ; elapsed = 00:00:00.042 . Memory (MB): peak = 1628.969 ; gain = 0.000
INFO: [Common 17-1381] The checkpoint 'C:/Users/serpe/Desktop/ECE 3829/lab_3/lab_3.runs/impl_1/top_lab3_physopt.dcp' has been generated.
Command: route_design
Attempting to get a license for feature 'Implementation' and/or device 'xc7a35t'
INFO: [Common 17-349] Got license for feature 'Implementation' and/or device 'xc7a35t'
Running DRC as a precondition to command route_design
INFO: [DRC 23-27] Running DRC with 2 threads
INFO: [Vivado_Tcl 4-198] DRC finished with 0 Errors
INFO: [Vivado_Tcl 4-199] Please refer to the DRC report (report_drc) for more information.


Starting Routing Task
INFO: [Route 35-254] Multithreading enabled for route_design using a maximum of 2 CPUs
Checksum: PlaceDB: c857cddf ConstDB: 0 ShapeSum: cda439f8 RouteDB: 0

Phase 1 Build RT Design
Phase 1 Build RT Design | Checksum: a42de37a

Time (s): cpu = 00:00:20 ; elapsed = 00:00:18 . Memory (MB): peak = 1713.988 ; gain = 75.965
Post Restoration Checksum: NetGraph: 48a83e73 NumContArr: 5b85a507 Constraints: 0 Timing: 0

Phase 2 Router Initialization

Phase 2.1 Create Timer
Phase 2.1 Create Timer | Checksum: a42de37a

Time (s): cpu = 00:00:20 ; elapsed = 00:00:18 . Memory (MB): peak = 1713.996 ; gain = 75.973

Phase 2.2 Fix Topology Constraints
Phase 2.2 Fix Topology Constraints | Checksum: a42de37a

Time (s): cpu = 00:00:20 ; elapsed = 00:00:18 . Memory (MB): peak = 1719.988 ; gain = 81.965

Phase 2.3 Pre Route Cleanup
Phase 2.3 Pre Route Cleanup | Checksum: a42de37a

Time (s): cpu = 00:00:20 ; elapsed = 00:00:18 . Memory (MB): peak = 1719.988 ; gain = 81.965
 Number of Nodes with overlaps = 0

Phase 2.4 Update Timing
Phase 2.4 Update Timing | Checksum: 26d00ac1a

Time (s): cpu = 00:00:20 ; elapsed = 00:00:18 . Memory (MB): peak = 1725.734 ; gain = 87.711
INFO: [Route 35-416] Intermediate Timing Summary | WNS=96.289 | TNS=0.000  | WHS=-0.080 | THS=-1.510 |

Phase 2 Router Initialization | Checksum: 254aa275a

Time (s): cpu = 00:00:20 ; elapsed = 00:00:18 . Memory (MB): peak = 1725.734 ; gain = 87.711

Router Utilization Summary
  Global Vertical Routing Utilization    = 0.00908874 %
  Global Horizontal Routing Utilization  = 0.000650703 %
  Routable Net Status*
  *Does not include unroutable nets such as driverless and loadless.
  Run report_route_status for detailed report.
  Number of Failed Nets               = 122
    (Failed Nets is the sum of unrouted and partially routed nets)
  Number of Unrouted Nets             = 122
  Number of Partially Routed Nets     = 0
  Number of Node Overlaps             = 0


Phase 3 Initial Routing

Phase 3.1 Global Routing
Phase 3.1 Global Routing | Checksum: 254aa275a

Time (s): cpu = 00:00:20 ; elapsed = 00:00:18 . Memory (MB): peak = 1727.945 ; gain = 89.922
Phase 3 Initial Routing | Checksum: 122582c75

Time (s): cpu = 00:00:20 ; elapsed = 00:00:18 . Memory (MB): peak = 1727.945 ; gain = 89.922

Phase 4 Rip-up And Reroute

Phase 4.1 Global Iteration 0
 Number of Nodes with overlaps = 4
 Number of Nodes with overlaps = 0
INFO: [Route 35-416] Intermediate Timing Summary | WNS=96.208 | TNS=0.000  | WHS=N/A    | THS=N/A    |

Phase 4.1 Global Iteration 0 | Checksum: 202ac1891

Time (s): cpu = 00:00:20 ; elapsed = 00:00:18 . Memory (MB): peak = 1727.945 ; gain = 89.922
Phase 4 Rip-up And Reroute | Checksum: 202ac1891

Time (s): cpu = 00:00:20 ; elapsed = 00:00:18 . Memory (MB): peak = 1727.945 ; gain = 89.922

Phase 5 Delay and Skew Optimization

Phase 5.1 Delay CleanUp

Phase 5.1.1 Update Timing
Phase 5.1.1 Update Timing | Checksum: 202ac1891

Time (s): cpu = 00:00:20 ; elapsed = 00:00:18 . Memory (MB): peak = 1727.945 ; gain = 89.922
INFO: [Route 35-416] Intermediate Timing Summary | WNS=96.288 | TNS=0.000  | WHS=N/A    | THS=N/A    |

Phase 5.1 Delay CleanUp | Checksum: 202ac1891

Time (s): cpu = 00:00:20 ; elapsed = 00:00:18 . Memory (MB): peak = 1727.945 ; gain = 89.922

Phase 5.2 Clock Skew Optimization
Phase 5.2 Clock Skew Optimization | Checksum: 202ac1891

Time (s): cpu = 00:00:20 ; elapsed = 00:00:18 . Memory (MB): peak = 1727.945 ; gain = 89.922
Phase 5 Delay and Skew Optimization | Checksum: 202ac1891

Time (s): cpu = 00:00:20 ; elapsed = 00:00:18 . Memory (MB): peak = 1727.945 ; gain = 89.922

Phase 6 Post Hold Fix

Phase 6.1 Hold Fix Iter

Phase 6.1.1 Update Timing
Phase 6.1.1 Update Timing | Checksum: 1e6f0ac07

Time (s): cpu = 00:00:20 ; elapsed = 00:00:18 . Memory (MB): peak = 1727.945 ; gain = 89.922
INFO: [Route 35-416] Intermediate Timing Summary | WNS=96.288 | TNS=0.000  | WHS=0.169  | THS=0.000  |

Phase 6.1 Hold Fix Iter | Checksum: 202ae61ff

Time (s): cpu = 00:00:20 ; elapsed = 00:00:18 . Memory (MB): peak = 1727.945 ; gain = 89.922
Phase 6 Post Hold Fix | Checksum: 202ae61ff

Time (s): cpu = 00:00:20 ; elapsed = 00:00:18 . Memory (MB): peak = 1727.945 ; gain = 89.922

Phase 7 Route finalize

Router Utilization Summary
  Global Vertical Routing Utilization    = 0.092163 %
  Global Horizontal Routing Utilization  = 0.0252473 %
  Routable Net Status*
  *Does not include unroutable nets such as driverless and loadless.
  Run report_route_status for detailed report.
  Number of Failed Nets               = 0
    (Failed Nets is the sum of unrouted and partially routed nets)
  Number of Unrouted Nets             = 0
  Number of Partially Routed Nets     = 0
  Number of Node Overlaps             = 0

Phase 7 Route finalize | Checksum: 20bb552ae

Time (s): cpu = 00:00:20 ; elapsed = 00:00:18 . Memory (MB): peak = 1727.945 ; gain = 89.922

Phase 8 Verifying routed nets

 Verification completed successfully
Phase 8 Verifying routed nets | Checksum: 20bb552ae

Time (s): cpu = 00:00:20 ; elapsed = 00:00:18 . Memory (MB): peak = 1728.598 ; gain = 90.574

Phase 9 Depositing Routes
Phase 9 Depositing Routes | Checksum: 274c51dfd

Time (s): cpu = 00:00:20 ; elapsed = 00:00:18 . Memory (MB): peak = 1728.598 ; gain = 90.574

Phase 10 Post Router Timing
INFO: [Route 35-57] Estimated Timing Summary | WNS=96.288 | TNS=0.000  | WHS=0.169  | THS=0.000  |

INFO: [Route 35-327] The final timing numbers are based on the router estimated timing analysis. For a complete and accurate timing signoff, please run report_timing_summary.
Phase 10 Post Router Timing | Checksum: 274c51dfd

Time (s): cpu = 00:00:20 ; elapsed = 00:00:18 . Memory (MB): peak = 1728.598 ; gain = 90.574
INFO: [Route 35-16] Router Completed Successfully

Time (s): cpu = 00:00:20 ; elapsed = 00:00:18 . Memory (MB): peak = 1728.598 ; gain = 90.574

Routing Is Done.
INFO: [Common 17-83] Releasing license: Implementation
88 Infos, 2 Warnings, 0 Critical Warnings and 0 Errors encountered.
route_design completed successfully
route_design: Time (s): cpu = 00:00:22 ; elapsed = 00:00:19 . Memory (MB): peak = 1728.598 ; gain = 99.629
INFO: [Timing 38-480] Writing timing data to binary archive.
Writing placer database...
Writing XDEF routing.
Writing XDEF routing logical nets.
Writing XDEF routing special nets.
Write XDEF Complete: Time (s): cpu = 00:00:00 ; elapsed = 00:00:00.045 . Memory (MB): peak = 1738.477 ; gain = 9.879
INFO: [Common 17-1381] The checkpoint 'C:/Users/serpe/Desktop/ECE 3829/lab_3/lab_3.runs/impl_1/top_lab3_routed.dcp' has been generated.
INFO: [runtcl-4] Executing : report_drc -file top_lab3_drc_routed.rpt -pb top_lab3_drc_routed.pb -rpx top_lab3_drc_routed.rpx
Command: report_drc -file top_lab3_drc_routed.rpt -pb top_lab3_drc_routed.pb -rpx top_lab3_drc_routed.rpx
INFO: [IP_Flow 19-1839] IP Catalog is up to date.
INFO: [DRC 23-27] Running DRC with 2 threads
INFO: [Vivado_Tcl 2-168] The results of DRC are in file C:/Users/serpe/Desktop/ECE 3829/lab_3/lab_3.runs/impl_1/top_lab3_drc_routed.rpt.
report_drc completed successfully
INFO: [runtcl-4] Executing : report_methodology -file top_lab3_methodology_drc_routed.rpt -pb top_lab3_methodology_drc_routed.pb -rpx top_lab3_methodology_drc_routed.rpx
Command: report_methodology -file top_lab3_methodology_drc_routed.rpt -pb top_lab3_methodology_drc_routed.pb -rpx top_lab3_methodology_drc_routed.rpx
INFO: [Timing 38-35] Done setting XDC timing constraints.
INFO: [DRC 23-133] Running Methodology with 2 threads
INFO: [Vivado_Tcl 2-1520] The results of Report Methodology are in file C:/Users/serpe/Desktop/ECE 3829/lab_3/lab_3.runs/impl_1/top_lab3_methodology_drc_routed.rpt.
report_methodology completed successfully
INFO: [runtcl-4] Executing : report_power -file top_lab3_power_routed.rpt -pb top_lab3_power_summary_routed.pb -rpx top_lab3_power_routed.rpx
Command: report_power -file top_lab3_power_routed.rpt -pb top_lab3_power_summary_routed.pb -rpx top_lab3_power_routed.rpx
INFO: [Timing 38-35] Done setting XDC timing constraints.
Running Vector-less Activity Propagation...

Finished Running Vector-less Activity Propagation
100 Infos, 2 Warnings, 0 Critical Warnings and 0 Errors encountered.
report_power completed successfully
INFO: [runtcl-4] Executing : report_route_status -file top_lab3_route_status.rpt -pb top_lab3_route_status.pb
INFO: [runtcl-4] Executing : report_timing_summary -max_paths 10 -file top_lab3_timing_summary_routed.rpt -pb top_lab3_timing_summary_routed.pb -rpx top_lab3_timing_summary_routed.rpx -warn_on_violation 
INFO: [Timing 38-91] UpdateTimingParams: Speed grade: -1, Delay Type: min_max.
INFO: [Timing 38-191] Multithreading enabled for timing update using a maximum of 2 CPUs
INFO: [runtcl-4] Executing : report_incremental_reuse -file top_lab3_incremental_reuse_routed.rpt
INFO: [Vivado_Tcl 4-1062] Incremental flow is disabled. No incremental reuse Info to report.
INFO: [runtcl-4] Executing : report_clock_utilization -file top_lab3_clock_utilization_routed.rpt
INFO: [runtcl-4] Executing : report_bus_skew -warn_on_violation -file top_lab3_bus_skew_routed.rpt -pb top_lab3_bus_skew_routed.pb -rpx top_lab3_bus_skew_routed.rpx
INFO: [Timing 38-91] UpdateTimingParams: Speed grade: -1, Delay Type: min_max.
INFO: [Timing 38-191] Multithreading enabled for timing update using a maximum of 2 CPUs
INFO: [Common 17-206] Exiting Vivado at Mon Oct  3 18:13:43 2022...

*** Running vivado
    with args -log top_lab3.vdi -applog -m64 -product Vivado -messageDb vivado.pb -mode batch -source top_lab3.tcl -notrace



****** Vivado v2021.1 (64-bit)
  **** SW Build 3247384 on Thu Jun 10 19:36:33 MDT 2021
  **** IP Build 3246043 on Fri Jun 11 00:30:35 MDT 2021
    ** Copyright 1986-2021 Xilinx, Inc. All Rights Reserved.

source top_lab3.tcl -notrace
Command: open_checkpoint top_lab3_routed.dcp

Time (s): cpu = 00:00:00 ; elapsed = 00:00:00.043 . Memory (MB): peak = 1117.188 ; gain = 0.000
INFO: [Device 21-403] Loading part xc7a35tcpg236-1
Netlist sorting complete. Time (s): cpu = 00:00:00 ; elapsed = 00:00:00.002 . Memory (MB): peak = 1117.188 ; gain = 0.000
INFO: [Netlist 29-17] Analyzing 9 Unisim elements for replacement
INFO: [Netlist 29-28] Unisim Transformation completed in 0 CPU seconds
INFO: [Project 1-479] Netlist was created with Vivado 2021.1
INFO: [Project 1-570] Preparing netlist for logic optimization
WARNING: [Constraints 18-550] Could not create 'IBUF_LOW_PWR' constraint because net 'clock_geni/clk_mmcm_wizi/clk_in1' is not directly connected to top level port. Synthesis is ignored for IBUF_LOW_PWR but preserved for implementation.
INFO: [Timing 38-478] Restoring timing data from binary archive.
INFO: [Timing 38-479] Binary timing data restore complete.
INFO: [Project 1-856] Restoring constraints from binary archive.
INFO: [Project 1-853] Binary constraint restore complete.
Reading XDEF placement.
Reading placer database...
Reading XDEF routing.
Read XDEF File: Time (s): cpu = 00:00:00 ; elapsed = 00:00:00.099 . Memory (MB): peak = 1346.879 ; gain = 7.676
Restored from archive | CPU: 0.000000 secs | Memory: 0.000000 MB |
Finished XDEF File Restore: Time (s): cpu = 00:00:00 ; elapsed = 00:00:00.100 . Memory (MB): peak = 1346.879 ; gain = 7.676
Netlist sorting complete. Time (s): cpu = 00:00:00 ; elapsed = 00:00:00 . Memory (MB): peak = 1346.879 ; gain = 0.000
INFO: [Project 1-111] Unisim Transformation Summary:
No Unisim elements were transformed.

INFO: [Project 1-604] Checkpoint was created with Vivado v2021.1 (64-bit) build 3247384
open_checkpoint: Time (s): cpu = 00:00:14 ; elapsed = 00:00:15 . Memory (MB): peak = 1346.879 ; gain = 229.691
Command: write_bitstream -force top_lab3.bit
Attempting to get a license for feature 'Implementation' and/or device 'xc7a35t'
INFO: [Common 17-349] Got license for feature 'Implementation' and/or device 'xc7a35t'
Running DRC as a precondition to command write_bitstream
INFO: [IP_Flow 19-234] Refreshing IP repositories
INFO: [IP_Flow 19-1704] No user IP repositories specified
INFO: [IP_Flow 19-2313] Loaded Vivado IP repository 'C:/Xilinx/Vivado/2021.1/data/ip'.
INFO: [DRC 23-27] Running DRC with 2 threads
INFO: [Vivado 12-3199] DRC finished with 0 Errors
INFO: [Vivado 12-3200] Please refer to the DRC report (report_drc) for more information.
INFO: [Designutils 20-2272] Running write_bitstream with 2 threads.
Loading data files...
Loading site data...
Loading route data...
Processing options...
Creating bitmap...
Creating bitstream...
Writing bitstream ./top_lab3.bit...
INFO: [Vivado 12-1842] Bitgen Completed Successfully.
INFO: [#UNDEF] WebTalk data collection is mandatory when using a WebPACK part without a full Vivado license. To see the specific WebTalk data collected for your design, open the usage_statistics_webtalk.html or usage_statistics_webtalk.xml file in the implementation directory.
INFO: [Common 17-83] Releasing license: Implementation
22 Infos, 1 Warnings, 0 Critical Warnings and 0 Errors encountered.
write_bitstream completed successfully
write_bitstream: Time (s): cpu = 00:00:11 ; elapsed = 00:00:14 . Memory (MB): peak = 1823.395 ; gain = 476.516
INFO: [Common 17-206] Exiting Vivado at Mon Oct  3 18:14:46 2022...
